<?xml version="1.0" encoding="UTF-8"?>
<testsuites>
  <testsuite name="AutoMinifier Test Suite" tests="1" assertions="10" failures="0" errors="0" time="0.008755">
    <testsuite name="Makehappen\AutoMinifier\MinifyTest" file="/Users/florin/dev/makehappen/packages/makehappen/autominifier/tests/MinifyTest.php" tests="1" assertions="10" failures="0" errors="0" time="0.008755">
      <testcase name="testFilesCanBeCreated" class="Makehappen\AutoMinifier\MinifyTest" file="/Users/florin/dev/makehappen/packages/makehappen/autominifier/tests/MinifyTest.php" line="11" assertions="10" time="0.008755"/>
    </testsuite>
  </testsuite>
</testsuites>
